-------------------------------------------------------------------------------
Test set: runners.TestRunnerEbay
-------------------------------------------------------------------------------
Tests run: 2, Failures: 1, Errors: 0, Skipped: 0, Time elapsed: 3.617 sec <<< FAILURE!
TC01 user searchs nutella on Amazon(Amazon Search)  Time elapsed: 1.469 sec  <<< FAILURE!
java.lang.AssertionError
	at org.junit.Assert.fail(Assert.java:87)
	at org.junit.Assert.assertTrue(Assert.java:42)
	at org.junit.Assert.assertTrue(Assert.java:53)
	at stepDefinitions.AmazonStepdefs.userChecksIfTheResultIncludeNutella(AmazonStepdefs.java:29)
	at âœ½.user checks if the result include nutella(file:///Users/mustafa/IdeaProjects/com.cucumberPrj/src/test/resources/features/amazonSearch.feature:7)

