<?xml version="1.0" encoding="UTF-8" ?>
<testsuite tests="2" failures="1" name="runners.TestRunner" time="9.45" errors="0" skipped="0">
  <properties>
[...]
</properties>
  <testcase classname="Amazon Search" name="TC01 user searchs nutella on Amazon" time="7.107">
    <failure type="java.lang.AssertionError">java.lang.AssertionError
	at org.junit.Assert.fail(Assert.java:87)
	at org.junit.Assert.assertTrue(Assert.java:42)
	at org.junit.Assert.assertTrue(Assert.java:53)
	at stepDefinitions.AmazonStepdefs.userChecksIfTheResultIncludeNutella(AmazonStepdefs.java:29)
	at ✽.user checks if the result include nutella(file:///Users/mustafa/IdeaProjects/com.cucumberPrj/src/test/resources/features/amazonSearch.feature:7)
</failure>
    <system-out>
@amazonSearch
Scenario: TC01 user searchs nutella on Amazon   &amp;#27;[90m# src/test/resources/features/amazonSearch.feature:4&amp;#27;[0m
  &amp;#27;[32mGiven &amp;#27;[0m&amp;#27;[32muser goes  to Amazon&amp;#27;[0m                    &amp;#27;[90m# stepDefinitions.AmazonStepdefs.userGoesToAmazon()&amp;#27;[0m
  &amp;#27;[32mThen &amp;#27;[0m&amp;#27;[32muser searchs  nutella&amp;#27;[0m                    &amp;#27;[90m# stepDefinitions.AmazonStepdefs.userSearchsNutella()&amp;#27;[0m
  &amp;#27;[31mAnd &amp;#27;[0m&amp;#27;[31muser checks if the result include nutella&amp;#27;[0m &amp;#27;[90m# stepDefinitions.AmazonStepdefs.userChecksIfTheResultIncludeNutella()&amp;#27;[0m
      &amp;#27;[31mjava.lang.AssertionError
	at org.junit.Assert.fail(Assert.java:87)
	at org.junit.Assert.assertTrue(Assert.java:42)
	at org.junit.Assert.assertTrue(Assert.java:53)
	at stepDefinitions.AmazonStepdefs.userChecksIfTheResultIncludeNutella(AmazonStepdefs.java:29)
	at ✽.user checks if the result include nutella(file:///Users/mustafa/IdeaProjects/com.cucumberPrj/src/test/resources/features/amazonSearch.feature:7)
&amp;#27;[0m
  &amp;#27;[36mAnd &amp;#27;[0m&amp;#27;[36muser closes the Amazon&amp;#27;[0m                    &amp;#27;[90m# stepDefinitions.AmazonStepdefs.userClosesTheAmazon()&amp;#27;[0m
</system-out>
    <system-err>SLF4J: No SLF4J providers were found.
SLF4J: Defaulting to no-operation (NOP) logger implementation
SLF4J: See https://www.slf4j.org/codes.html#noProviders for further details.
</system-err>
  </testcase>
  <testcase classname="Amazon Search" name="TC02 user searchs Selenium on Amazon" time="2.343"/>
</testsuite>