<?xml version="1.0" encoding="UTF-8"?>
<testsuite xmlns:xsi="http://www.w3.org/2001/XMLSchema-instance" xsi:noNamespaceSchemaLocation="https://maven.apache.org/surefire/maven-surefire-plugin/xsd/surefire-test-report.xsd" name="US007 Blue RentaCar Camp" time="8.193" tests="3" errors="2" skipped="0" failures="0">
  <properties>
[...]
</properties>
  <testcase name="User tries to enter wit the invalid credential #1" classname="US007 Blue RentaCar Camp" time="5.609">
    <error message="Element &lt;button class=&quot;btn btn-primary&quot; type=&quot;submit&quot;&gt; could not be scrolled into view&#10;Build info: version: &apos;4.15.0&apos;, revision: &apos;1d14b5521b&apos;&#10;System info: os.name: &apos;Mac OS X&apos;, os.arch: &apos;aarch64&apos;, os.version: &apos;14.3.1&apos;, java.version: &apos;17.0.1&apos;&#10;Driver info: org.openqa.selenium.firefox.FirefoxDriver&#10;Command: [0620b519-9758-4908-8602-c67a3279a8c5, clickElement {id=2dd48cc4-cd55-4add-a4f5-3027e229d1aa}]&#10;Capabilities {acceptInsecureCerts: true, browserName: firefox, browserVersion: 122.0.1, moz:accessibilityChecks: false, moz:buildID: 20240205133611, moz:debuggerAddress: 127.0.0.1:33822, moz:geckodriverVersion: 0.34.0, moz:headless: false, moz:platformVersion: 23.3.0, moz:processID: 5618, moz:profile: /var/folders/4p/1x9hkv8d6xx..., moz:shutdownTimeout: 60000, moz:webdriverClick: true, moz:windowless: false, pageLoadStrategy: normal, platformName: mac, proxy: Proxy(), se:cdp: ws://127.0.0.1:33822/devtoo..., se:cdpVersion: 85.0, setWindowRect: true, strictFileInteractability: false, timeouts: {implicit: 0, pageLoad: 300000, script: 30000}, unhandledPromptBehavior: dismiss and notify}&#10;Element: [[FirefoxDriver: firefox on mac (0620b519-9758-4908-8602-c67a3279a8c5)] -&gt; xpath: //button[text()=&apos; Login&apos;]]&#10;Session ID: 0620b519-9758-4908-8602-c67a3279a8c5" type="org.openqa.selenium.ElementNotInteractableException"><![CDATA[org.openqa.selenium.ElementNotInteractableException: 
Element <button class="btn btn-primary" type="submit"> could not be scrolled into view
Build info: version: '4.15.0', revision: '1d14b5521b'
System info: os.name: 'Mac OS X', os.arch: 'aarch64', os.version: '14.3.1', java.version: '17.0.1'
Driver info: org.openqa.selenium.firefox.FirefoxDriver
Command: [0620b519-9758-4908-8602-c67a3279a8c5, clickElement {id=2dd48cc4-cd55-4add-a4f5-3027e229d1aa}]
Capabilities {acceptInsecureCerts: true, browserName: firefox, browserVersion: 122.0.1, moz:accessibilityChecks: false, moz:buildID: 20240205133611, moz:debuggerAddress: 127.0.0.1:33822, moz:geckodriverVersion: 0.34.0, moz:headless: false, moz:platformVersion: 23.3.0, moz:processID: 5618, moz:profile: /var/folders/4p/1x9hkv8d6xx..., moz:shutdownTimeout: 60000, moz:webdriverClick: true, moz:windowless: false, pageLoadStrategy: normal, platformName: mac, proxy: Proxy(), se:cdp: ws://127.0.0.1:33822/devtoo..., se:cdpVersion: 85.0, setWindowRect: true, strictFileInteractability: false, timeouts: {implicit: 0, pageLoad: 300000, script: 30000}, unhandledPromptBehavior: dismiss and notify}
Element: [[FirefoxDriver: firefox on mac (0620b519-9758-4908-8602-c67a3279a8c5)] -> xpath: //button[text()=' Login']]
Session ID: 0620b519-9758-4908-8602-c67a3279a8c5
]]></error>
    <system-out><![CDATA[&amp#27;[32m&amp#27;[1m┌──────────────────────────────────────────────────────────────────────────┐&amp#27;[0m
&amp#27;[32m&amp#27;[1m│&amp#27;[0m View your Cucumber Report at:                                            &amp#27;[32m&amp#27;[1m│&amp#27;[0m
&amp#27;[32m&amp#27;[1m│&amp#27;[0m &amp#27;[1m&amp#27;[36m&amp#27;[4mhttps://reports.cucumber.io/reports/4ee63b78-c972-41d3-8f25-7e71f0d6ba44&amp#27;[0m &amp#27;[32m&amp#27;[1m│&amp#27;[0m
&amp#27;[32m&amp#27;[1m│&amp#27;[0m                                                                          &amp#27;[32m&amp#27;[1m│&amp#27;[0m
&amp#27;[32m&amp#27;[1m│&amp#27;[0m This report was published in collection "CucumberReport_Try"             &amp#27;[32m&amp#27;[1m│&amp#27;[0m
&amp#27;[32m&amp#27;[1m└──────────────────────────────────────────────────────────────────────────┘&amp#27;[0m]]></system-out>
    <system-err><![CDATA[SLF4J: No SLF4J providers were found.
SLF4J: Defaulting to no-operation (NOP) logger implementation
SLF4J: See https://www.slf4j.org/codes.html#noProviders for further details.
Feb 19, 2024 6:14:49 PM org.openqa.selenium.os.ExternalProcess$Builder lambda$start$0
WARNING: failed to copy the output of process 5614
java.io.IOException: Stream closed
	at java.base/java.io.BufferedInputStream.getBufIfOpen(BufferedInputStream.java:168)
	at java.base/java.io.BufferedInputStream.read(BufferedInputStream.java:334)
	at java.base/java.io.InputStream.transferTo(InputStream.java:782)
	at org.openqa.selenium.os.ExternalProcess$Builder.lambda$start$0(ExternalProcess.java:209)
	at java.base/java.lang.Thread.run(Thread.java:833)

]]></system-err>
  </testcase>
  <testcase name="User tries to enter wit the invalid credential #2" classname="US007 Blue RentaCar Camp" time="0.726">
    <error message="Element &lt;button class=&quot;btn btn-primary&quot; type=&quot;submit&quot;&gt; could not be scrolled into view&#10;Build info: version: &apos;4.15.0&apos;, revision: &apos;1d14b5521b&apos;&#10;System info: os.name: &apos;Mac OS X&apos;, os.arch: &apos;aarch64&apos;, os.version: &apos;14.3.1&apos;, java.version: &apos;17.0.1&apos;&#10;Driver info: org.openqa.selenium.firefox.FirefoxDriver&#10;Command: [0620b519-9758-4908-8602-c67a3279a8c5, clickElement {id=4d6411cd-738a-4c13-9e11-c296530d507d}]&#10;Capabilities {acceptInsecureCerts: true, browserName: firefox, browserVersion: 122.0.1, moz:accessibilityChecks: false, moz:buildID: 20240205133611, moz:debuggerAddress: 127.0.0.1:33822, moz:geckodriverVersion: 0.34.0, moz:headless: false, moz:platformVersion: 23.3.0, moz:processID: 5618, moz:profile: /var/folders/4p/1x9hkv8d6xx..., moz:shutdownTimeout: 60000, moz:webdriverClick: true, moz:windowless: false, pageLoadStrategy: normal, platformName: mac, proxy: Proxy(), se:cdp: ws://127.0.0.1:33822/devtoo..., se:cdpVersion: 85.0, setWindowRect: true, strictFileInteractability: false, timeouts: {implicit: 0, pageLoad: 300000, script: 30000}, unhandledPromptBehavior: dismiss and notify}&#10;Element: [[FirefoxDriver: firefox on mac (0620b519-9758-4908-8602-c67a3279a8c5)] -&gt; xpath: //button[text()=&apos; Login&apos;]]&#10;Session ID: 0620b519-9758-4908-8602-c67a3279a8c5" type="org.openqa.selenium.ElementNotInteractableException"><![CDATA[org.openqa.selenium.ElementNotInteractableException: 
Element <button class="btn btn-primary" type="submit"> could not be scrolled into view
Build info: version: '4.15.0', revision: '1d14b5521b'
System info: os.name: 'Mac OS X', os.arch: 'aarch64', os.version: '14.3.1', java.version: '17.0.1'
Driver info: org.openqa.selenium.firefox.FirefoxDriver
Command: [0620b519-9758-4908-8602-c67a3279a8c5, clickElement {id=4d6411cd-738a-4c13-9e11-c296530d507d}]
Capabilities {acceptInsecureCerts: true, browserName: firefox, browserVersion: 122.0.1, moz:accessibilityChecks: false, moz:buildID: 20240205133611, moz:debuggerAddress: 127.0.0.1:33822, moz:geckodriverVersion: 0.34.0, moz:headless: false, moz:platformVersion: 23.3.0, moz:processID: 5618, moz:profile: /var/folders/4p/1x9hkv8d6xx..., moz:shutdownTimeout: 60000, moz:webdriverClick: true, moz:windowless: false, pageLoadStrategy: normal, platformName: mac, proxy: Proxy(), se:cdp: ws://127.0.0.1:33822/devtoo..., se:cdpVersion: 85.0, setWindowRect: true, strictFileInteractability: false, timeouts: {implicit: 0, pageLoad: 300000, script: 30000}, unhandledPromptBehavior: dismiss and notify}
Element: [[FirefoxDriver: firefox on mac (0620b519-9758-4908-8602-c67a3279a8c5)] -> xpath: //button[text()=' Login']]
Session ID: 0620b519-9758-4908-8602-c67a3279a8c5
]]></error>
  </testcase>
  <testcase name="User tries to enter wit the invalid credential #3" classname="US007 Blue RentaCar Camp" time="1.858"/>
</testsuite>