<?xml version="1.0" encoding="UTF-8" ?>
<testsuite tests="2" failures="0" name="runners.TestRunner" time="11.514" errors="2" skipped="0">
  <properties>
[...]
</properties>
  <testcase classname="Amazon Search" name="TC01 user searchs nutella on Amazon" time="1.678">
    <error message="Failed to instantiate class stepDefinitions.AmazonStepdefs" type="io.cucumber.core.exception.CucumberException">io.cucumber.core.exception.CucumberException: Failed to instantiate class stepDefinitions.AmazonStepdefs
	at io.cucumber.core.backend.DefaultObjectFactory.cacheNewInstance(DefaultObjectFactory.java:67)
	at io.cucumber.core.backend.DefaultObjectFactory.getInstance(DefaultObjectFactory.java:45)
	at io.cucumber.java.AbstractGlueDefinition.invokeMethod(AbstractGlueDefinition.java:47)
	at io.cucumber.java.JavaStepDefinition.execute(JavaStepDefinition.java:29)
	at io.cucumber.core.runner.CoreStepDefinition.execute(CoreStepDefinition.java:66)
	at io.cucumber.core.runner.PickleStepDefinitionMatch.runStep(PickleStepDefinitionMatch.java:63)
	at io.cucumber.core.runner.ExecutionMode$1.execute(ExecutionMode.java:10)
	at io.cucumber.core.runner.TestStep.executeStep(TestStep.java:84)
	at io.cucumber.core.runner.TestStep.run(TestStep.java:56)
	at io.cucumber.core.runner.PickleStepTestStep.run(PickleStepTestStep.java:51)
	at io.cucumber.core.runner.TestCase.run(TestCase.java:84)
	at io.cucumber.core.runner.Runner.runPickle(Runner.java:75)
	at io.cucumber.junit.PickleRunners$NoStepDescriptions.lambda$run$0(PickleRunners.java:151)
	at io.cucumber.core.runtime.CucumberExecutionContext.lambda$runTestCase$5(CucumberExecutionContext.java:137)
	at io.cucumber.core.runtime.RethrowingThrowableCollector.executeAndThrow(RethrowingThrowableCollector.java:23)
	at io.cucumber.core.runtime.CucumberExecutionContext.runTestCase(CucumberExecutionContext.java:137)
	at io.cucumber.junit.PickleRunners$NoStepDescriptions.run(PickleRunners.java:148)
	at io.cucumber.junit.FeatureRunner.runChild(FeatureRunner.java:144)
	at io.cucumber.junit.FeatureRunner.runChild(FeatureRunner.java:28)
	at org.junit.runners.ParentRunner$4.run(ParentRunner.java:331)
	at org.junit.runners.ParentRunner$1.schedule(ParentRunner.java:79)
	at org.junit.runners.ParentRunner.runChildren(ParentRunner.java:329)
	at org.junit.runners.ParentRunner.access$100(ParentRunner.java:66)
	at org.junit.runners.ParentRunner$2.evaluate(ParentRunner.java:293)
	at org.junit.runners.ParentRunner$3.evaluate(ParentRunner.java:306)
	at org.junit.runners.ParentRunner.run(ParentRunner.java:413)
	at io.cucumber.junit.FeatureRunner.run(FeatureRunner.java:137)
	at io.cucumber.junit.Cucumber.runChild(Cucumber.java:196)
	at io.cucumber.junit.Cucumber.runChild(Cucumber.java:89)
	at org.junit.runners.ParentRunner$4.run(ParentRunner.java:331)
	at org.junit.runners.ParentRunner$1.schedule(ParentRunner.java:79)
	at org.junit.runners.ParentRunner.runChildren(ParentRunner.java:329)
	at org.junit.runners.ParentRunner.access$100(ParentRunner.java:66)
	at org.junit.runners.ParentRunner$2.evaluate(ParentRunner.java:293)
	at io.cucumber.core.runtime.CucumberExecutionContext.lambda$runFeatures$6(CucumberExecutionContext.java:148)
	at io.cucumber.core.runtime.CucumberExecutionContext.execute(CucumberExecutionContext.java:163)
	at io.cucumber.core.runtime.CucumberExecutionContext.runFeatures(CucumberExecutionContext.java:146)
	at io.cucumber.junit.Cucumber$StartAndFinishTestRun.evaluate(Cucumber.java:226)
	at org.junit.runners.ParentRunner$3.evaluate(ParentRunner.java:306)
	at org.junit.runners.ParentRunner.run(ParentRunner.java:413)
	at org.apache.maven.surefire.junit4.JUnit4Provider.execute(JUnit4Provider.java:252)
	at org.apache.maven.surefire.junit4.JUnit4Provider.executeTestSet(JUnit4Provider.java:141)
	at org.apache.maven.surefire.junit4.JUnit4Provider.invoke(JUnit4Provider.java:112)
	at java.base/jdk.internal.reflect.NativeMethodAccessorImpl.invoke0(Native Method)
	at java.base/jdk.internal.reflect.NativeMethodAccessorImpl.invoke(NativeMethodAccessorImpl.java:77)
	at java.base/jdk.internal.reflect.DelegatingMethodAccessorImpl.invoke(DelegatingMethodAccessorImpl.java:43)
	at java.base/java.lang.reflect.Method.invoke(Method.java:568)
	at org.apache.maven.surefire.util.ReflectionUtils.invokeMethodWithArray(ReflectionUtils.java:189)
	at org.apache.maven.surefire.booter.ProviderFactory$ProviderProxy.invoke(ProviderFactory.java:165)
	at org.apache.maven.surefire.booter.ProviderFactory.invokeProvider(ProviderFactory.java:85)
	at org.apache.maven.surefire.booter.ForkedBooter.runSuitesInProcess(ForkedBooter.java:115)
	at org.apache.maven.surefire.booter.ForkedBooter.main(ForkedBooter.java:75)
Caused by: java.lang.reflect.InvocationTargetException
	at java.base/jdk.internal.reflect.NativeConstructorAccessorImpl.newInstance0(Native Method)
	at java.base/jdk.internal.reflect.NativeConstructorAccessorImpl.newInstance(NativeConstructorAccessorImpl.java:77)
	at java.base/jdk.internal.reflect.DelegatingConstructorAccessorImpl.newInstance(DelegatingConstructorAccessorImpl.java:45)
	at java.base/java.lang.reflect.Constructor.newInstanceWithCaller(Constructor.java:499)
	at java.base/java.lang.reflect.Constructor.newInstance(Constructor.java:480)
	at io.cucumber.core.backend.DefaultObjectFactory.cacheNewInstance(DefaultObjectFactory.java:53)
	... 51 more
Caused by: org.openqa.selenium.SessionNotCreatedException: Could not start a new session. Response code 500. Message: Could not create a session: You must enable the &apos;Allow Remote Automation&apos; option in Safari&apos;s Develop menu to control Safari via WebDriver. 
Host info: host: &apos;Mustafa-MBP.fritz.box&apos;, ip: &apos;2003:ca:4f23:6900:b90d:b413:423a:c93b%en0&apos;
Build info: version: &apos;4.15.0&apos;, revision: &apos;1d14b5521b&apos;
System info: os.name: &apos;Mac OS X&apos;, os.arch: &apos;aarch64&apos;, os.version: &apos;14.3.1&apos;, java.version: &apos;17.0.1&apos;
Driver info: org.openqa.selenium.safari.SafariDriver
Command: [null, newSession {capabilities=[Capabilities {browserName: safari}]}]
Capabilities {browserName: safari}
	at org.openqa.selenium.remote.ProtocolHandshake.createSession(ProtocolHandshake.java:140)
	at org.openqa.selenium.remote.ProtocolHandshake.createSession(ProtocolHandshake.java:96)
	at org.openqa.selenium.remote.ProtocolHandshake.createSession(ProtocolHandshake.java:68)
	at org.openqa.selenium.remote.HttpCommandExecutor.execute(HttpCommandExecutor.java:163)
	at org.openqa.selenium.remote.service.DriverCommandExecutor.invokeExecute(DriverCommandExecutor.java:200)
	at org.openqa.selenium.remote.service.DriverCommandExecutor.execute(DriverCommandExecutor.java:175)
	at org.openqa.selenium.remote.RemoteWebDriver.execute(RemoteWebDriver.java:607)
	at org.openqa.selenium.remote.RemoteWebDriver.startSession(RemoteWebDriver.java:241)
	at org.openqa.selenium.remote.RemoteWebDriver.&lt;init&gt;(RemoteWebDriver.java:168)
	at org.openqa.selenium.safari.SafariDriver.&lt;init&gt;(SafariDriver.java:84)
	at org.openqa.selenium.safari.SafariDriver.&lt;init&gt;(SafariDriver.java:80)
	at org.openqa.selenium.safari.SafariDriver.&lt;init&gt;(SafariDriver.java:57)
	at utilities.Driver.getDriver(Driver.java:44)
	at pages.AmazonPages.&lt;init&gt;(AmazonPages.java:10)
	at stepDefinitions.AmazonStepdefs.&lt;init&gt;(AmazonStepdefs.java:13)
	... 57 more
</error>
    <system-out>
@amazonSearch
Scenario: TC01 user searchs nutella on Amazon   &amp;#27;[90m# src/test/resources/features/amazonSearch.feature:4&amp;#27;[0m
  &amp;#27;[31mGiven &amp;#27;[0m&amp;#27;[31muser goes  to Amazon&amp;#27;[0m                    &amp;#27;[90m# stepDefinitions.AmazonStepdefs.userGoesToAmazon()&amp;#27;[0m
      &amp;#27;[31mio.cucumber.core.exception.CucumberException: Failed to instantiate class stepDefinitions.AmazonStepdefs
	at io.cucumber.core.backend.DefaultObjectFactory.cacheNewInstance(DefaultObjectFactory.java:67)
	at io.cucumber.core.backend.DefaultObjectFactory.getInstance(DefaultObjectFactory.java:45)
	at io.cucumber.java.AbstractGlueDefinition.invokeMethod(AbstractGlueDefinition.java:47)
	at io.cucumber.java.JavaStepDefinition.execute(JavaStepDefinition.java:29)
	at io.cucumber.core.runner.CoreStepDefinition.execute(CoreStepDefinition.java:66)
	at io.cucumber.core.runner.PickleStepDefinitionMatch.runStep(PickleStepDefinitionMatch.java:63)
	at io.cucumber.core.runner.ExecutionMode$1.execute(ExecutionMode.java:10)
	at io.cucumber.core.runner.TestStep.executeStep(TestStep.java:84)
	at io.cucumber.core.runner.TestStep.run(TestStep.java:56)
	at io.cucumber.core.runner.PickleStepTestStep.run(PickleStepTestStep.java:51)
	at io.cucumber.core.runner.TestCase.run(TestCase.java:84)
	at io.cucumber.core.runner.Runner.runPickle(Runner.java:75)
	at io.cucumber.junit.PickleRunners$NoStepDescriptions.lambda$run$0(PickleRunners.java:151)
	at io.cucumber.core.runtime.CucumberExecutionContext.lambda$runTestCase$5(CucumberExecutionContext.java:137)
	at io.cucumber.core.runtime.RethrowingThrowableCollector.executeAndThrow(RethrowingThrowableCollector.java:23)
	at io.cucumber.core.runtime.CucumberExecutionContext.runTestCase(CucumberExecutionContext.java:137)
	at io.cucumber.junit.PickleRunners$NoStepDescriptions.run(PickleRunners.java:148)
	at io.cucumber.junit.FeatureRunner.runChild(FeatureRunner.java:144)
	at io.cucumber.junit.FeatureRunner.runChild(FeatureRunner.java:28)
	at org.junit.runners.ParentRunner$4.run(ParentRunner.java:331)
	at org.junit.runners.ParentRunner$1.schedule(ParentRunner.java:79)
	at org.junit.runners.ParentRunner.runChildren(ParentRunner.java:329)
	at org.junit.runners.ParentRunner.access$100(ParentRunner.java:66)
	at org.junit.runners.ParentRunner$2.evaluate(ParentRunner.java:293)
	at org.junit.runners.ParentRunner$3.evaluate(ParentRunner.java:306)
	at org.junit.runners.ParentRunner.run(ParentRunner.java:413)
	at io.cucumber.junit.FeatureRunner.run(FeatureRunner.java:137)
	at io.cucumber.junit.Cucumber.runChild(Cucumber.java:196)
	at io.cucumber.junit.Cucumber.runChild(Cucumber.java:89)
	at org.junit.runners.ParentRunner$4.run(ParentRunner.java:331)
	at org.junit.runners.ParentRunner$1.schedule(ParentRunner.java:79)
	at org.junit.runners.ParentRunner.runChildren(ParentRunner.java:329)
	at org.junit.runners.ParentRunner.access$100(ParentRunner.java:66)
	at org.junit.runners.ParentRunner$2.evaluate(ParentRunner.java:293)
	at io.cucumber.core.runtime.CucumberExecutionContext.lambda$runFeatures$6(CucumberExecutionContext.java:148)
	at io.cucumber.core.runtime.CucumberExecutionContext.execute(CucumberExecutionContext.java:163)
	at io.cucumber.core.runtime.CucumberExecutionContext.runFeatures(CucumberExecutionContext.java:146)
	at io.cucumber.junit.Cucumber$StartAndFinishTestRun.evaluate(Cucumber.java:226)
	at org.junit.runners.ParentRunner$3.evaluate(ParentRunner.java:306)
	at org.junit.runners.ParentRunner.run(ParentRunner.java:413)
	at org.apache.maven.surefire.junit4.JUnit4Provider.execute(JUnit4Provider.java:252)
	at org.apache.maven.surefire.junit4.JUnit4Provider.executeTestSet(JUnit4Provider.java:141)
	at org.apache.maven.surefire.junit4.JUnit4Provider.invoke(JUnit4Provider.java:112)
	at java.base/jdk.internal.reflect.NativeMethodAccessorImpl.invoke0(Native Method)
	at java.base/jdk.internal.reflect.NativeMethodAccessorImpl.invoke(NativeMethodAccessorImpl.java:77)
	at java.base/jdk.internal.reflect.DelegatingMethodAccessorImpl.invoke(DelegatingMethodAccessorImpl.java:43)
	at java.base/java.lang.reflect.Method.invoke(Method.java:568)
	at org.apache.maven.surefire.util.ReflectionUtils.invokeMethodWithArray(ReflectionUtils.java:189)
	at org.apache.maven.surefire.booter.ProviderFactory$ProviderProxy.invoke(ProviderFactory.java:165)
	at org.apache.maven.surefire.booter.ProviderFactory.invokeProvider(ProviderFactory.java:85)
	at org.apache.maven.surefire.booter.ForkedBooter.runSuitesInProcess(ForkedBooter.java:115)
	at org.apache.maven.surefire.booter.ForkedBooter.main(ForkedBooter.java:75)
Caused by: java.lang.reflect.InvocationTargetException
	at java.base/jdk.internal.reflect.NativeConstructorAccessorImpl.newInstance0(Native Method)
	at java.base/jdk.internal.reflect.NativeConstructorAccessorImpl.newInstance(NativeConstructorAccessorImpl.java:77)
	at java.base/jdk.internal.reflect.DelegatingConstructorAccessorImpl.newInstance(DelegatingConstructorAccessorImpl.java:45)
	at java.base/java.lang.reflect.Constructor.newInstanceWithCaller(Constructor.java:499)
	at java.base/java.lang.reflect.Constructor.newInstance(Constructor.java:480)
	at io.cucumber.core.backend.DefaultObjectFactory.cacheNewInstance(DefaultObjectFactory.java:53)
	... 51 more
Caused by: org.openqa.selenium.SessionNotCreatedException: Could not start a new session. Response code 500. Message: Could not create a session: You must enable the &apos;Allow Remote Automation&apos; option in Safari&apos;s Develop menu to control Safari via WebDriver. 
Host info: host: &apos;Mustafa-MBP.fritz.box&apos;, ip: &apos;2003:ca:4f23:6900:b90d:b413:423a:c93b%en0&apos;
Build info: version: &apos;4.15.0&apos;, revision: &apos;1d14b5521b&apos;
System info: os.name: &apos;Mac OS X&apos;, os.arch: &apos;aarch64&apos;, os.version: &apos;14.3.1&apos;, java.version: &apos;17.0.1&apos;
Driver info: org.openqa.selenium.safari.SafariDriver
Command: [null, newSession {capabilities=[Capabilities {browserName: safari}]}]
Capabilities {browserName: safari}
	at org.openqa.selenium.remote.ProtocolHandshake.createSession(ProtocolHandshake.java:140)
	at org.openqa.selenium.remote.ProtocolHandshake.createSession(ProtocolHandshake.java:96)
	at org.openqa.selenium.remote.ProtocolHandshake.createSession(ProtocolHandshake.java:68)
	at org.openqa.selenium.remote.HttpCommandExecutor.execute(HttpCommandExecutor.java:163)
	at org.openqa.selenium.remote.service.DriverCommandExecutor.invokeExecute(DriverCommandExecutor.java:200)
	at org.openqa.selenium.remote.service.DriverCommandExecutor.execute(DriverCommandExecutor.java:175)
	at org.openqa.selenium.remote.RemoteWebDriver.execute(RemoteWebDriver.java:607)
	at org.openqa.selenium.remote.RemoteWebDriver.startSession(RemoteWebDriver.java:241)
	at org.openqa.selenium.remote.RemoteWebDriver.&lt;init&gt;(RemoteWebDriver.java:168)
	at org.openqa.selenium.safari.SafariDriver.&lt;init&gt;(SafariDriver.java:84)
	at org.openqa.selenium.safari.SafariDriver.&lt;init&gt;(SafariDriver.java:80)
	at org.openqa.selenium.safari.SafariDriver.&lt;init&gt;(SafariDriver.java:57)
	at utilities.Driver.getDriver(Driver.java:44)
	at pages.AmazonPages.&lt;init&gt;(AmazonPages.java:10)
	at stepDefinitions.AmazonStepdefs.&lt;init&gt;(AmazonStepdefs.java:13)
	... 57 more
&amp;#27;[0m
  &amp;#27;[36mThen &amp;#27;[0m&amp;#27;[36muser searchs  nutella&amp;#27;[0m                    &amp;#27;[90m# stepDefinitions.AmazonStepdefs.userSearchsNutella()&amp;#27;[0m
  &amp;#27;[36mAnd &amp;#27;[0m&amp;#27;[36muser checks if the result include nutella&amp;#27;[0m &amp;#27;[90m# stepDefinitions.AmazonStepdefs.userChecksIfTheResultIncludeNutella()&amp;#27;[0m
  &amp;#27;[36mAnd &amp;#27;[0m&amp;#27;[36muser closes the Amazon&amp;#27;[0m                    &amp;#27;[90m# stepDefinitions.AmazonStepdefs.userClosesTheAmazon()&amp;#27;[0m
</system-out>
    <system-err>SLF4J: No SLF4J providers were found.
SLF4J: Defaulting to no-operation (NOP) logger implementation
SLF4J: See https://www.slf4j.org/codes.html#noProviders for further details.
Feb 13, 2024 5:04:49 PM org.openqa.selenium.os.ExternalProcess$Builder lambda$start$0
WARNING: failed to copy the output of process 15465
java.io.IOException: Stream closed
	at java.base/java.io.BufferedInputStream.getBufIfOpen(BufferedInputStream.java:168)
	at java.base/java.io.BufferedInputStream.read(BufferedInputStream.java:334)
	at java.base/java.io.InputStream.transferTo(InputStream.java:782)
	at org.openqa.selenium.os.ExternalProcess$Builder.lambda$start$0(ExternalProcess.java:209)
	at java.base/java.lang.Thread.run(Thread.java:833)

</system-err>
  </testcase>
  <testcase classname="Amazon Search" name="TC02 user searchs Selenium on Amazon" time="9.836">
    <error message="Failed to instantiate class stepDefinitions.AmazonStepdefs" type="io.cucumber.core.exception.CucumberException">io.cucumber.core.exception.CucumberException: Failed to instantiate class stepDefinitions.AmazonStepdefs
	at io.cucumber.core.backend.DefaultObjectFactory.cacheNewInstance(DefaultObjectFactory.java:67)
	at io.cucumber.core.backend.DefaultObjectFactory.getInstance(DefaultObjectFactory.java:45)
	at io.cucumber.java.AbstractGlueDefinition.invokeMethod(AbstractGlueDefinition.java:47)
	at io.cucumber.java.JavaStepDefinition.execute(JavaStepDefinition.java:29)
	at io.cucumber.core.runner.CoreStepDefinition.execute(CoreStepDefinition.java:66)
	at io.cucumber.core.runner.PickleStepDefinitionMatch.runStep(PickleStepDefinitionMatch.java:63)
	at io.cucumber.core.runner.ExecutionMode$1.execute(ExecutionMode.java:10)
	at io.cucumber.core.runner.TestStep.executeStep(TestStep.java:84)
	at io.cucumber.core.runner.TestStep.run(TestStep.java:56)
	at io.cucumber.core.runner.PickleStepTestStep.run(PickleStepTestStep.java:51)
	at io.cucumber.core.runner.TestCase.run(TestCase.java:84)
	at io.cucumber.core.runner.Runner.runPickle(Runner.java:75)
	at io.cucumber.junit.PickleRunners$NoStepDescriptions.lambda$run$0(PickleRunners.java:151)
	at io.cucumber.core.runtime.CucumberExecutionContext.lambda$runTestCase$5(CucumberExecutionContext.java:137)
	at io.cucumber.core.runtime.RethrowingThrowableCollector.executeAndThrow(RethrowingThrowableCollector.java:23)
	at io.cucumber.core.runtime.CucumberExecutionContext.runTestCase(CucumberExecutionContext.java:137)
	at io.cucumber.junit.PickleRunners$NoStepDescriptions.run(PickleRunners.java:148)
	at io.cucumber.junit.FeatureRunner.runChild(FeatureRunner.java:144)
	at io.cucumber.junit.FeatureRunner.runChild(FeatureRunner.java:28)
	at org.junit.runners.ParentRunner$4.run(ParentRunner.java:331)
	at org.junit.runners.ParentRunner$1.schedule(ParentRunner.java:79)
	at org.junit.runners.ParentRunner.runChildren(ParentRunner.java:329)
	at org.junit.runners.ParentRunner.access$100(ParentRunner.java:66)
	at org.junit.runners.ParentRunner$2.evaluate(ParentRunner.java:293)
	at org.junit.runners.ParentRunner$3.evaluate(ParentRunner.java:306)
	at org.junit.runners.ParentRunner.run(ParentRunner.java:413)
	at io.cucumber.junit.FeatureRunner.run(FeatureRunner.java:137)
	at io.cucumber.junit.Cucumber.runChild(Cucumber.java:196)
	at io.cucumber.junit.Cucumber.runChild(Cucumber.java:89)
	at org.junit.runners.ParentRunner$4.run(ParentRunner.java:331)
	at org.junit.runners.ParentRunner$1.schedule(ParentRunner.java:79)
	at org.junit.runners.ParentRunner.runChildren(ParentRunner.java:329)
	at org.junit.runners.ParentRunner.access$100(ParentRunner.java:66)
	at org.junit.runners.ParentRunner$2.evaluate(ParentRunner.java:293)
	at io.cucumber.core.runtime.CucumberExecutionContext.lambda$runFeatures$6(CucumberExecutionContext.java:148)
	at io.cucumber.core.runtime.CucumberExecutionContext.execute(CucumberExecutionContext.java:163)
	at io.cucumber.core.runtime.CucumberExecutionContext.runFeatures(CucumberExecutionContext.java:146)
	at io.cucumber.junit.Cucumber$StartAndFinishTestRun.evaluate(Cucumber.java:226)
	at org.junit.runners.ParentRunner$3.evaluate(ParentRunner.java:306)
	at org.junit.runners.ParentRunner.run(ParentRunner.java:413)
	at org.apache.maven.surefire.junit4.JUnit4Provider.execute(JUnit4Provider.java:252)
	at org.apache.maven.surefire.junit4.JUnit4Provider.executeTestSet(JUnit4Provider.java:141)
	at org.apache.maven.surefire.junit4.JUnit4Provider.invoke(JUnit4Provider.java:112)
	at java.base/jdk.internal.reflect.NativeMethodAccessorImpl.invoke0(Native Method)
	at java.base/jdk.internal.reflect.NativeMethodAccessorImpl.invoke(NativeMethodAccessorImpl.java:77)
	at java.base/jdk.internal.reflect.DelegatingMethodAccessorImpl.invoke(DelegatingMethodAccessorImpl.java:43)
	at java.base/java.lang.reflect.Method.invoke(Method.java:568)
	at org.apache.maven.surefire.util.ReflectionUtils.invokeMethodWithArray(ReflectionUtils.java:189)
	at org.apache.maven.surefire.booter.ProviderFactory$ProviderProxy.invoke(ProviderFactory.java:165)
	at org.apache.maven.surefire.booter.ProviderFactory.invokeProvider(ProviderFactory.java:85)
	at org.apache.maven.surefire.booter.ForkedBooter.runSuitesInProcess(ForkedBooter.java:115)
	at org.apache.maven.surefire.booter.ForkedBooter.main(ForkedBooter.java:75)
Caused by: java.lang.reflect.InvocationTargetException
	at java.base/jdk.internal.reflect.NativeConstructorAccessorImpl.newInstance0(Native Method)
	at java.base/jdk.internal.reflect.NativeConstructorAccessorImpl.newInstance(NativeConstructorAccessorImpl.java:77)
	at java.base/jdk.internal.reflect.DelegatingConstructorAccessorImpl.newInstance(DelegatingConstructorAccessorImpl.java:45)
	at java.base/java.lang.reflect.Constructor.newInstanceWithCaller(Constructor.java:499)
	at java.base/java.lang.reflect.Constructor.newInstance(Constructor.java:480)
	at io.cucumber.core.backend.DefaultObjectFactory.cacheNewInstance(DefaultObjectFactory.java:53)
	... 51 more
Caused by: org.openqa.selenium.SessionNotCreatedException: Could not start a new session. Response code 500. Message: Could not create a session: You must enable the &apos;Allow Remote Automation&apos; option in Safari&apos;s Develop menu to control Safari via WebDriver. 
Host info: host: &apos;Mustafa-MBP.fritz.box&apos;, ip: &apos;2003:ca:4f23:6900:b90d:b413:423a:c93b%en0&apos;
Build info: version: &apos;4.15.0&apos;, revision: &apos;1d14b5521b&apos;
System info: os.name: &apos;Mac OS X&apos;, os.arch: &apos;aarch64&apos;, os.version: &apos;14.3.1&apos;, java.version: &apos;17.0.1&apos;
Driver info: org.openqa.selenium.safari.SafariDriver
Command: [null, newSession {capabilities=[Capabilities {browserName: safari}]}]
Capabilities {browserName: safari}
	at org.openqa.selenium.remote.ProtocolHandshake.createSession(ProtocolHandshake.java:140)
	at org.openqa.selenium.remote.ProtocolHandshake.createSession(ProtocolHandshake.java:96)
	at org.openqa.selenium.remote.ProtocolHandshake.createSession(ProtocolHandshake.java:68)
	at org.openqa.selenium.remote.HttpCommandExecutor.execute(HttpCommandExecutor.java:163)
	at org.openqa.selenium.remote.service.DriverCommandExecutor.invokeExecute(DriverCommandExecutor.java:200)
	at org.openqa.selenium.remote.service.DriverCommandExecutor.execute(DriverCommandExecutor.java:175)
	at org.openqa.selenium.remote.RemoteWebDriver.execute(RemoteWebDriver.java:607)
	at org.openqa.selenium.remote.RemoteWebDriver.startSession(RemoteWebDriver.java:241)
	at org.openqa.selenium.remote.RemoteWebDriver.&lt;init&gt;(RemoteWebDriver.java:168)
	at org.openqa.selenium.safari.SafariDriver.&lt;init&gt;(SafariDriver.java:84)
	at org.openqa.selenium.safari.SafariDriver.&lt;init&gt;(SafariDriver.java:80)
	at org.openqa.selenium.safari.SafariDriver.&lt;init&gt;(SafariDriver.java:57)
	at utilities.Driver.getDriver(Driver.java:44)
	at pages.AmazonPages.&lt;init&gt;(AmazonPages.java:10)
	at stepDefinitions.AmazonStepdefs.&lt;init&gt;(AmazonStepdefs.java:13)
	... 57 more
</error>
    <system-out>
@amazonSearch
Scenario: TC02 user searchs Selenium on Amazon   &amp;#27;[90m# src/test/resources/features/amazonSearch.feature:10&amp;#27;[0m
  &amp;#27;[31mGiven &amp;#27;[0m&amp;#27;[31muser goes  to Amazon&amp;#27;[0m                     &amp;#27;[90m# stepDefinitions.AmazonStepdefs.userGoesToAmazon()&amp;#27;[0m
      &amp;#27;[31mio.cucumber.core.exception.CucumberException: Failed to instantiate class stepDefinitions.AmazonStepdefs
	at io.cucumber.core.backend.DefaultObjectFactory.cacheNewInstance(DefaultObjectFactory.java:67)
	at io.cucumber.core.backend.DefaultObjectFactory.getInstance(DefaultObjectFactory.java:45)
	at io.cucumber.java.AbstractGlueDefinition.invokeMethod(AbstractGlueDefinition.java:47)
	at io.cucumber.java.JavaStepDefinition.execute(JavaStepDefinition.java:29)
	at io.cucumber.core.runner.CoreStepDefinition.execute(CoreStepDefinition.java:66)
	at io.cucumber.core.runner.PickleStepDefinitionMatch.runStep(PickleStepDefinitionMatch.java:63)
	at io.cucumber.core.runner.ExecutionMode$1.execute(ExecutionMode.java:10)
	at io.cucumber.core.runner.TestStep.executeStep(TestStep.java:84)
	at io.cucumber.core.runner.TestStep.run(TestStep.java:56)
	at io.cucumber.core.runner.PickleStepTestStep.run(PickleStepTestStep.java:51)
	at io.cucumber.core.runner.TestCase.run(TestCase.java:84)
	at io.cucumber.core.runner.Runner.runPickle(Runner.java:75)
	at io.cucumber.junit.PickleRunners$NoStepDescriptions.lambda$run$0(PickleRunners.java:151)
	at io.cucumber.core.runtime.CucumberExecutionContext.lambda$runTestCase$5(CucumberExecutionContext.java:137)
	at io.cucumber.core.runtime.RethrowingThrowableCollector.executeAndThrow(RethrowingThrowableCollector.java:23)
	at io.cucumber.core.runtime.CucumberExecutionContext.runTestCase(CucumberExecutionContext.java:137)
	at io.cucumber.junit.PickleRunners$NoStepDescriptions.run(PickleRunners.java:148)
	at io.cucumber.junit.FeatureRunner.runChild(FeatureRunner.java:144)
	at io.cucumber.junit.FeatureRunner.runChild(FeatureRunner.java:28)
	at org.junit.runners.ParentRunner$4.run(ParentRunner.java:331)
	at org.junit.runners.ParentRunner$1.schedule(ParentRunner.java:79)
	at org.junit.runners.ParentRunner.runChildren(ParentRunner.java:329)
	at org.junit.runners.ParentRunner.access$100(ParentRunner.java:66)
	at org.junit.runners.ParentRunner$2.evaluate(ParentRunner.java:293)
	at org.junit.runners.ParentRunner$3.evaluate(ParentRunner.java:306)
	at org.junit.runners.ParentRunner.run(ParentRunner.java:413)
	at io.cucumber.junit.FeatureRunner.run(FeatureRunner.java:137)
	at io.cucumber.junit.Cucumber.runChild(Cucumber.java:196)
	at io.cucumber.junit.Cucumber.runChild(Cucumber.java:89)
	at org.junit.runners.ParentRunner$4.run(ParentRunner.java:331)
	at org.junit.runners.ParentRunner$1.schedule(ParentRunner.java:79)
	at org.junit.runners.ParentRunner.runChildren(ParentRunner.java:329)
	at org.junit.runners.ParentRunner.access$100(ParentRunner.java:66)
	at org.junit.runners.ParentRunner$2.evaluate(ParentRunner.java:293)
	at io.cucumber.core.runtime.CucumberExecutionContext.lambda$runFeatures$6(CucumberExecutionContext.java:148)
	at io.cucumber.core.runtime.CucumberExecutionContext.execute(CucumberExecutionContext.java:163)
	at io.cucumber.core.runtime.CucumberExecutionContext.runFeatures(CucumberExecutionContext.java:146)
	at io.cucumber.junit.Cucumber$StartAndFinishTestRun.evaluate(Cucumber.java:226)
	at org.junit.runners.ParentRunner$3.evaluate(ParentRunner.java:306)
	at org.junit.runners.ParentRunner.run(ParentRunner.java:413)
	at org.apache.maven.surefire.junit4.JUnit4Provider.execute(JUnit4Provider.java:252)
	at org.apache.maven.surefire.junit4.JUnit4Provider.executeTestSet(JUnit4Provider.java:141)
	at org.apache.maven.surefire.junit4.JUnit4Provider.invoke(JUnit4Provider.java:112)
	at java.base/jdk.internal.reflect.NativeMethodAccessorImpl.invoke0(Native Method)
	at java.base/jdk.internal.reflect.NativeMethodAccessorImpl.invoke(NativeMethodAccessorImpl.java:77)
	at java.base/jdk.internal.reflect.DelegatingMethodAccessorImpl.invoke(DelegatingMethodAccessorImpl.java:43)
	at java.base/java.lang.reflect.Method.invoke(Method.java:568)
	at org.apache.maven.surefire.util.ReflectionUtils.invokeMethodWithArray(ReflectionUtils.java:189)
	at org.apache.maven.surefire.booter.ProviderFactory$ProviderProxy.invoke(ProviderFactory.java:165)
	at org.apache.maven.surefire.booter.ProviderFactory.invokeProvider(ProviderFactory.java:85)
	at org.apache.maven.surefire.booter.ForkedBooter.runSuitesInProcess(ForkedBooter.java:115)
	at org.apache.maven.surefire.booter.ForkedBooter.main(ForkedBooter.java:75)
Caused by: java.lang.reflect.InvocationTargetException
	at java.base/jdk.internal.reflect.NativeConstructorAccessorImpl.newInstance0(Native Method)
	at java.base/jdk.internal.reflect.NativeConstructorAccessorImpl.newInstance(NativeConstructorAccessorImpl.java:77)
	at java.base/jdk.internal.reflect.DelegatingConstructorAccessorImpl.newInstance(DelegatingConstructorAccessorImpl.java:45)
	at java.base/java.lang.reflect.Constructor.newInstanceWithCaller(Constructor.java:499)
	at java.base/java.lang.reflect.Constructor.newInstance(Constructor.java:480)
	at io.cucumber.core.backend.DefaultObjectFactory.cacheNewInstance(DefaultObjectFactory.java:53)
	... 51 more
Caused by: org.openqa.selenium.SessionNotCreatedException: Could not start a new session. Response code 500. Message: Could not create a session: You must enable the &apos;Allow Remote Automation&apos; option in Safari&apos;s Develop menu to control Safari via WebDriver. 
Host info: host: &apos;Mustafa-MBP.fritz.box&apos;, ip: &apos;2003:ca:4f23:6900:b90d:b413:423a:c93b%en0&apos;
Build info: version: &apos;4.15.0&apos;, revision: &apos;1d14b5521b&apos;
System info: os.name: &apos;Mac OS X&apos;, os.arch: &apos;aarch64&apos;, os.version: &apos;14.3.1&apos;, java.version: &apos;17.0.1&apos;
Driver info: org.openqa.selenium.safari.SafariDriver
Command: [null, newSession {capabilities=[Capabilities {browserName: safari}]}]
Capabilities {browserName: safari}
	at org.openqa.selenium.remote.ProtocolHandshake.createSession(ProtocolHandshake.java:140)
	at org.openqa.selenium.remote.ProtocolHandshake.createSession(ProtocolHandshake.java:96)
	at org.openqa.selenium.remote.ProtocolHandshake.createSession(ProtocolHandshake.java:68)
	at org.openqa.selenium.remote.HttpCommandExecutor.execute(HttpCommandExecutor.java:163)
	at org.openqa.selenium.remote.service.DriverCommandExecutor.invokeExecute(DriverCommandExecutor.java:200)
	at org.openqa.selenium.remote.service.DriverCommandExecutor.execute(DriverCommandExecutor.java:175)
	at org.openqa.selenium.remote.RemoteWebDriver.execute(RemoteWebDriver.java:607)
	at org.openqa.selenium.remote.RemoteWebDriver.startSession(RemoteWebDriver.java:241)
	at org.openqa.selenium.remote.RemoteWebDriver.&lt;init&gt;(RemoteWebDriver.java:168)
	at org.openqa.selenium.safari.SafariDriver.&lt;init&gt;(SafariDriver.java:84)
	at org.openqa.selenium.safari.SafariDriver.&lt;init&gt;(SafariDriver.java:80)
	at org.openqa.selenium.safari.SafariDriver.&lt;init&gt;(SafariDriver.java:57)
	at utilities.Driver.getDriver(Driver.java:44)
	at pages.AmazonPages.&lt;init&gt;(AmazonPages.java:10)
	at stepDefinitions.AmazonStepdefs.&lt;init&gt;(AmazonStepdefs.java:13)
	... 57 more
&amp;#27;[0m
  &amp;#27;[36mThen &amp;#27;[0m&amp;#27;[36muser searchs  Selenium&amp;#27;[0m                    &amp;#27;[90m# stepDefinitions.AmazonStepdefs.userSearchsSelenium()&amp;#27;[0m
  &amp;#27;[36mAnd &amp;#27;[0m&amp;#27;[36muser checks if the result include Selenium&amp;#27;[0m &amp;#27;[90m# stepDefinitions.AmazonStepdefs.userChecksIfTheResultIncludeSelenium()&amp;#27;[0m
  &amp;#27;[36mAnd &amp;#27;[0m&amp;#27;[36muser closes the Amazon&amp;#27;[0m                     &amp;#27;[90m# stepDefinitions.AmazonStepdefs.userClosesTheAmazon()&amp;#27;[0m
</system-out>
    <system-err>Feb 13, 2024 5:04:59 PM org.openqa.selenium.os.ExternalProcess$Builder lambda$start$0
WARNING: failed to copy the output of process 15488
java.io.IOException: Stream closed
	at java.base/java.io.BufferedInputStream.getBufIfOpen(BufferedInputStream.java:168)
	at java.base/java.io.BufferedInputStream.read(BufferedInputStream.java:334)
	at java.base/java.io.InputStream.transferTo(InputStream.java:782)
	at org.openqa.selenium.os.ExternalProcess$Builder.lambda$start$0(ExternalProcess.java:209)
	at java.base/java.lang.Thread.run(Thread.java:833)

Feb 13, 2024 5:04:59 PM org.openqa.selenium.os.ExternalProcess$Builder lambda$start$0
WARNING: failed to copy the output of process 15488
java.io.IOException: Stream closed
	at java.base/java.io.BufferedInputStream.getBufIfOpen(BufferedInputStream.java:168)
	at java.base/java.io.BufferedInputStream.read(BufferedInputStream.java:334)
	at java.base/java.io.InputStream.transferTo(InputStream.java:782)
	at org.openqa.selenium.os.ExternalProcess$Builder.lambda$start$0(ExternalProcess.java:209)
	at java.base/java.lang.Thread.run(Thread.java:833)

</system-err>
  </testcase>
</testsuite>